<component name="libraryTable">
  <library name="junit">
    <CLASSES>
      <root url="jar://E:/Program Files (x86)/JetBrains/IntelliJ IDEA 2016.3.5/lib/junit.jar!/" />
      <root url="jar://E:/Program Files (x86)/JetBrains/IntelliJ IDEA 2016.3.5/lib/junit-4.12.jar!/" />
      <root url="jar://E:/Program Files (x86)/JetBrains/IntelliJ IDEA 2016.3.5/lib/hamcrest-core-1.3.jar!/" />
    </CLASSES>
    <JAVADOC />
    <SOURCES />
  </library>
</component>