<component name="libraryTable">
  <library name="junit-4.12" type="com.microsoft.azure.hdinsight.spark">
    <CLASSES>
      <root url="jar://E:/Program Files (x86)/JetBrains/IntelliJ IDEA 2016.3.5/lib/junit-4.12.jar!/" />
    </CLASSES>
    <JAVADOC />
    <SOURCES />
  </library>
</component>